[0.070s] DEBUG:colcon:Command line arguments: ['/usr/bin/colcon', 'build', '--packages-select', 'blimp_mpc_ros']
[0.070s] DEBUG:colcon:Parsed command line arguments: Namespace(log_base=None, log_level=None, verb_name='build', build_base='build', install_base='install', merge_install=False, symlink_install=False, test_result_base=None, continue_on_error=False, executor='parallel', parallel_workers=8, event_handlers=None, ignore_user_meta=False, metas=['./colcon.meta'], base_paths=['.'], packages_ignore=None, packages_ignore_regex=None, paths=None, packages_up_to=None, packages_up_to_regex=None, packages_above=None, packages_above_and_dependencies=None, packages_above_depth=None, packages_select_by_dep=None, packages_skip_by_dep=None, packages_skip_up_to=None, packages_select_build_failed=False, packages_skip_build_finished=False, packages_select_test_failures=False, packages_skip_test_passed=False, packages_select=['blimp_mpc_ros'], packages_skip=None, packages_select_regex=None, packages_skip_regex=None, packages_start=None, packages_end=None, allow_overriding=[], cmake_args=None, cmake_target=None, cmake_target_skip_unavailable=False, cmake_clean_cache=False, cmake_clean_first=False, cmake_force_configure=False, ament_cmake_args=None, catkin_cmake_args=None, catkin_skip_building_tests=False, verb_parser=<colcon_defaults.argument_parser.defaults.DefaultArgumentsDecorator object at 0x71001e72dea0>, verb_extension=<colcon_core.verb.build.BuildVerb object at 0x71001e72d5a0>, main=<bound method BuildVerb.main of <colcon_core.verb.build.BuildVerb object at 0x71001e72d5a0>>)
[0.175s] Level 1:colcon.colcon_core.package_discovery:discover_packages(colcon_meta) check parameters
[0.175s] Level 1:colcon.colcon_core.package_discovery:discover_packages(recursive) check parameters
[0.175s] Level 1:colcon.colcon_core.package_discovery:discover_packages(ignore) check parameters
[0.175s] Level 1:colcon.colcon_core.package_discovery:discover_packages(path) check parameters
[0.175s] Level 1:colcon.colcon_core.package_discovery:discover_packages(colcon_meta) discover
[0.175s] Level 1:colcon.colcon_core.package_discovery:discover_packages(recursive) discover
[0.175s] INFO:colcon.colcon_core.package_discovery:Crawling recursively for packages in '/home/mihir/ros2_ws/src/blimp_mpc_ros/blimp_mpc_ros'
[0.175s] Level 1:colcon.colcon_core.package_identification:_identify(.) by extensions ['ignore', 'ignore_ament_install']
[0.175s] Level 1:colcon.colcon_core.package_identification:_identify(.) by extension 'ignore'
[0.175s] Level 1:colcon.colcon_core.package_identification:_identify(.) by extension 'ignore_ament_install'
[0.175s] Level 1:colcon.colcon_core.package_identification:_identify(.) by extensions ['colcon_pkg']
[0.175s] Level 1:colcon.colcon_core.package_identification:_identify(.) by extension 'colcon_pkg'
[0.175s] Level 1:colcon.colcon_core.package_identification:_identify(.) by extensions ['colcon_meta']
[0.175s] Level 1:colcon.colcon_core.package_identification:_identify(.) by extension 'colcon_meta'
[0.175s] Level 1:colcon.colcon_core.package_identification:_identify(.) by extensions ['ros']
[0.175s] Level 1:colcon.colcon_core.package_identification:_identify(.) by extension 'ros'
[0.183s] Level 1:colcon.colcon_core.package_identification:_identify(.) by extensions ['cmake', 'python']
[0.183s] Level 1:colcon.colcon_core.package_identification:_identify(.) by extension 'cmake'
[0.183s] Level 1:colcon.colcon_core.package_identification:_identify(.) by extension 'python'
[0.183s] Level 1:colcon.colcon_core.package_identification:_identify(.) by extensions ['python_setup_py']
[0.183s] Level 1:colcon.colcon_core.package_identification:_identify(.) by extension 'python_setup_py'
[0.183s] Level 1:colcon.colcon_core.package_identification:_identify(__pycache__) by extensions ['ignore', 'ignore_ament_install']
[0.183s] Level 1:colcon.colcon_core.package_identification:_identify(__pycache__) by extension 'ignore'
[0.183s] Level 1:colcon.colcon_core.package_identification:_identify(__pycache__) by extension 'ignore_ament_install'
[0.183s] Level 1:colcon.colcon_core.package_identification:_identify(__pycache__) by extensions ['colcon_pkg']
[0.183s] Level 1:colcon.colcon_core.package_identification:_identify(__pycache__) by extension 'colcon_pkg'
[0.183s] Level 1:colcon.colcon_core.package_identification:_identify(__pycache__) by extensions ['colcon_meta']
[0.183s] Level 1:colcon.colcon_core.package_identification:_identify(__pycache__) by extension 'colcon_meta'
[0.183s] Level 1:colcon.colcon_core.package_identification:_identify(__pycache__) by extensions ['ros']
[0.183s] Level 1:colcon.colcon_core.package_identification:_identify(__pycache__) by extension 'ros'
[0.183s] Level 1:colcon.colcon_core.package_identification:_identify(__pycache__) by extensions ['cmake', 'python']
[0.183s] Level 1:colcon.colcon_core.package_identification:_identify(__pycache__) by extension 'cmake'
[0.183s] Level 1:colcon.colcon_core.package_identification:_identify(__pycache__) by extension 'python'
[0.183s] Level 1:colcon.colcon_core.package_identification:_identify(__pycache__) by extensions ['python_setup_py']
[0.183s] Level 1:colcon.colcon_core.package_identification:_identify(__pycache__) by extension 'python_setup_py'
[0.183s] Level 1:colcon.colcon_core.package_identification:_identify(build) by extensions ['ignore', 'ignore_ament_install']
[0.183s] Level 1:colcon.colcon_core.package_identification:_identify(build) by extension 'ignore'
[0.183s] Level 1:colcon.colcon_core.package_identification:_identify(build) ignored
[0.183s] Level 1:colcon.colcon_core.package_identification:_identify(install) by extensions ['ignore', 'ignore_ament_install']
[0.184s] Level 1:colcon.colcon_core.package_identification:_identify(install) by extension 'ignore'
[0.184s] Level 1:colcon.colcon_core.package_identification:_identify(install) ignored
[0.184s] Level 1:colcon.colcon_core.package_identification:_identify(log) by extensions ['ignore', 'ignore_ament_install']
[0.184s] Level 1:colcon.colcon_core.package_identification:_identify(log) by extension 'ignore'
[0.184s] Level 1:colcon.colcon_core.package_identification:_identify(log) ignored
[0.184s] Level 1:colcon.colcon_core.package_identification:_identify(logs) by extensions ['ignore', 'ignore_ament_install']
[0.184s] Level 1:colcon.colcon_core.package_identification:_identify(logs) by extension 'ignore'
[0.184s] Level 1:colcon.colcon_core.package_identification:_identify(logs) by extension 'ignore_ament_install'
[0.184s] Level 1:colcon.colcon_core.package_identification:_identify(logs) by extensions ['colcon_pkg']
[0.184s] Level 1:colcon.colcon_core.package_identification:_identify(logs) by extension 'colcon_pkg'
[0.184s] Level 1:colcon.colcon_core.package_identification:_identify(logs) by extensions ['colcon_meta']
[0.184s] Level 1:colcon.colcon_core.package_identification:_identify(logs) by extension 'colcon_meta'
[0.184s] Level 1:colcon.colcon_core.package_identification:_identify(logs) by extensions ['ros']
[0.184s] Level 1:colcon.colcon_core.package_identification:_identify(logs) by extension 'ros'
[0.184s] Level 1:colcon.colcon_core.package_identification:_identify(logs) by extensions ['cmake', 'python']
[0.184s] Level 1:colcon.colcon_core.package_identification:_identify(logs) by extension 'cmake'
[0.184s] Level 1:colcon.colcon_core.package_identification:_identify(logs) by extension 'python'
[0.184s] Level 1:colcon.colcon_core.package_identification:_identify(logs) by extensions ['python_setup_py']
[0.184s] Level 1:colcon.colcon_core.package_identification:_identify(logs) by extension 'python_setup_py'
[0.184s] Level 1:colcon.colcon_core.package_identification:_identify(logs/bad_psi_calc_data) by extensions ['ignore', 'ignore_ament_install']
[0.184s] Level 1:colcon.colcon_core.package_identification:_identify(logs/bad_psi_calc_data) by extension 'ignore'
[0.184s] Level 1:colcon.colcon_core.package_identification:_identify(logs/bad_psi_calc_data) by extension 'ignore_ament_install'
[0.184s] Level 1:colcon.colcon_core.package_identification:_identify(logs/bad_psi_calc_data) by extensions ['colcon_pkg']
[0.184s] Level 1:colcon.colcon_core.package_identification:_identify(logs/bad_psi_calc_data) by extension 'colcon_pkg'
[0.184s] Level 1:colcon.colcon_core.package_identification:_identify(logs/bad_psi_calc_data) by extensions ['colcon_meta']
[0.184s] Level 1:colcon.colcon_core.package_identification:_identify(logs/bad_psi_calc_data) by extension 'colcon_meta'
[0.184s] Level 1:colcon.colcon_core.package_identification:_identify(logs/bad_psi_calc_data) by extensions ['ros']
[0.184s] Level 1:colcon.colcon_core.package_identification:_identify(logs/bad_psi_calc_data) by extension 'ros'
[0.184s] Level 1:colcon.colcon_core.package_identification:_identify(logs/bad_psi_calc_data) by extensions ['cmake', 'python']
[0.184s] Level 1:colcon.colcon_core.package_identification:_identify(logs/bad_psi_calc_data) by extension 'cmake'
[0.184s] Level 1:colcon.colcon_core.package_identification:_identify(logs/bad_psi_calc_data) by extension 'python'
[0.184s] Level 1:colcon.colcon_core.package_identification:_identify(logs/bad_psi_calc_data) by extensions ['python_setup_py']
[0.185s] Level 1:colcon.colcon_core.package_identification:_identify(logs/bad_psi_calc_data) by extension 'python_setup_py'
[0.185s] Level 1:colcon.colcon_core.package_identification:_identify(logs/cbf_vs_fbl_data_4_27) by extensions ['ignore', 'ignore_ament_install']
[0.185s] Level 1:colcon.colcon_core.package_identification:_identify(logs/cbf_vs_fbl_data_4_27) by extension 'ignore'
[0.185s] Level 1:colcon.colcon_core.package_identification:_identify(logs/cbf_vs_fbl_data_4_27) by extension 'ignore_ament_install'
[0.185s] Level 1:colcon.colcon_core.package_identification:_identify(logs/cbf_vs_fbl_data_4_27) by extensions ['colcon_pkg']
[0.185s] Level 1:colcon.colcon_core.package_identification:_identify(logs/cbf_vs_fbl_data_4_27) by extension 'colcon_pkg'
[0.185s] Level 1:colcon.colcon_core.package_identification:_identify(logs/cbf_vs_fbl_data_4_27) by extensions ['colcon_meta']
[0.185s] Level 1:colcon.colcon_core.package_identification:_identify(logs/cbf_vs_fbl_data_4_27) by extension 'colcon_meta'
[0.185s] Level 1:colcon.colcon_core.package_identification:_identify(logs/cbf_vs_fbl_data_4_27) by extensions ['ros']
[0.185s] Level 1:colcon.colcon_core.package_identification:_identify(logs/cbf_vs_fbl_data_4_27) by extension 'ros'
[0.185s] Level 1:colcon.colcon_core.package_identification:_identify(logs/cbf_vs_fbl_data_4_27) by extensions ['cmake', 'python']
[0.185s] Level 1:colcon.colcon_core.package_identification:_identify(logs/cbf_vs_fbl_data_4_27) by extension 'cmake'
[0.185s] Level 1:colcon.colcon_core.package_identification:_identify(logs/cbf_vs_fbl_data_4_27) by extension 'python'
[0.185s] Level 1:colcon.colcon_core.package_identification:_identify(logs/cbf_vs_fbl_data_4_27) by extensions ['python_setup_py']
[0.185s] Level 1:colcon.colcon_core.package_identification:_identify(logs/cbf_vs_fbl_data_4_27) by extension 'python_setup_py'
[0.185s] Level 1:colcon.colcon_core.package_identification:_identify(logs/final_testing_4_22) by extensions ['ignore', 'ignore_ament_install']
[0.185s] Level 1:colcon.colcon_core.package_identification:_identify(logs/final_testing_4_22) by extension 'ignore'
[0.185s] Level 1:colcon.colcon_core.package_identification:_identify(logs/final_testing_4_22) by extension 'ignore_ament_install'
[0.185s] Level 1:colcon.colcon_core.package_identification:_identify(logs/final_testing_4_22) by extensions ['colcon_pkg']
[0.185s] Level 1:colcon.colcon_core.package_identification:_identify(logs/final_testing_4_22) by extension 'colcon_pkg'
[0.185s] Level 1:colcon.colcon_core.package_identification:_identify(logs/final_testing_4_22) by extensions ['colcon_meta']
[0.185s] Level 1:colcon.colcon_core.package_identification:_identify(logs/final_testing_4_22) by extension 'colcon_meta'
[0.185s] Level 1:colcon.colcon_core.package_identification:_identify(logs/final_testing_4_22) by extensions ['ros']
[0.185s] Level 1:colcon.colcon_core.package_identification:_identify(logs/final_testing_4_22) by extension 'ros'
[0.185s] Level 1:colcon.colcon_core.package_identification:_identify(logs/final_testing_4_22) by extensions ['cmake', 'python']
[0.185s] Level 1:colcon.colcon_core.package_identification:_identify(logs/final_testing_4_22) by extension 'cmake'
[0.185s] Level 1:colcon.colcon_core.package_identification:_identify(logs/final_testing_4_22) by extension 'python'
[0.185s] Level 1:colcon.colcon_core.package_identification:_identify(logs/final_testing_4_22) by extensions ['python_setup_py']
[0.185s] Level 1:colcon.colcon_core.package_identification:_identify(logs/final_testing_4_22) by extension 'python_setup_py'
[0.185s] Level 1:colcon.colcon_core.package_identification:_identify(logs/final_testing_4_25) by extensions ['ignore', 'ignore_ament_install']
[0.185s] Level 1:colcon.colcon_core.package_identification:_identify(logs/final_testing_4_25) by extension 'ignore'
[0.185s] Level 1:colcon.colcon_core.package_identification:_identify(logs/final_testing_4_25) by extension 'ignore_ament_install'
[0.185s] Level 1:colcon.colcon_core.package_identification:_identify(logs/final_testing_4_25) by extensions ['colcon_pkg']
[0.185s] Level 1:colcon.colcon_core.package_identification:_identify(logs/final_testing_4_25) by extension 'colcon_pkg'
[0.186s] Level 1:colcon.colcon_core.package_identification:_identify(logs/final_testing_4_25) by extensions ['colcon_meta']
[0.186s] Level 1:colcon.colcon_core.package_identification:_identify(logs/final_testing_4_25) by extension 'colcon_meta'
[0.186s] Level 1:colcon.colcon_core.package_identification:_identify(logs/final_testing_4_25) by extensions ['ros']
[0.186s] Level 1:colcon.colcon_core.package_identification:_identify(logs/final_testing_4_25) by extension 'ros'
[0.186s] Level 1:colcon.colcon_core.package_identification:_identify(logs/final_testing_4_25) by extensions ['cmake', 'python']
[0.186s] Level 1:colcon.colcon_core.package_identification:_identify(logs/final_testing_4_25) by extension 'cmake'
[0.186s] Level 1:colcon.colcon_core.package_identification:_identify(logs/final_testing_4_25) by extension 'python'
[0.186s] Level 1:colcon.colcon_core.package_identification:_identify(logs/final_testing_4_25) by extensions ['python_setup_py']
[0.186s] Level 1:colcon.colcon_core.package_identification:_identify(logs/final_testing_4_25) by extension 'python_setup_py'
[0.186s] Level 1:colcon.colcon_core.package_identification:_identify(logs/good_psi_data_4_21) by extensions ['ignore', 'ignore_ament_install']
[0.186s] Level 1:colcon.colcon_core.package_identification:_identify(logs/good_psi_data_4_21) by extension 'ignore'
[0.186s] Level 1:colcon.colcon_core.package_identification:_identify(logs/good_psi_data_4_21) by extension 'ignore_ament_install'
[0.186s] Level 1:colcon.colcon_core.package_identification:_identify(logs/good_psi_data_4_21) by extensions ['colcon_pkg']
[0.186s] Level 1:colcon.colcon_core.package_identification:_identify(logs/good_psi_data_4_21) by extension 'colcon_pkg'
[0.186s] Level 1:colcon.colcon_core.package_identification:_identify(logs/good_psi_data_4_21) by extensions ['colcon_meta']
[0.186s] Level 1:colcon.colcon_core.package_identification:_identify(logs/good_psi_data_4_21) by extension 'colcon_meta'
[0.186s] Level 1:colcon.colcon_core.package_identification:_identify(logs/good_psi_data_4_21) by extensions ['ros']
[0.186s] Level 1:colcon.colcon_core.package_identification:_identify(logs/good_psi_data_4_21) by extension 'ros'
[0.186s] Level 1:colcon.colcon_core.package_identification:_identify(logs/good_psi_data_4_21) by extensions ['cmake', 'python']
[0.186s] Level 1:colcon.colcon_core.package_identification:_identify(logs/good_psi_data_4_21) by extension 'cmake'
[0.186s] Level 1:colcon.colcon_core.package_identification:_identify(logs/good_psi_data_4_21) by extension 'python'
[0.186s] Level 1:colcon.colcon_core.package_identification:_identify(logs/good_psi_data_4_21) by extensions ['python_setup_py']
[0.186s] Level 1:colcon.colcon_core.package_identification:_identify(logs/good_psi_data_4_21) by extension 'python_setup_py'
[0.186s] Level 1:colcon.colcon_core.package_identification:_identify(logs/lqr_no_derivatives) by extensions ['ignore', 'ignore_ament_install']
[0.186s] Level 1:colcon.colcon_core.package_identification:_identify(logs/lqr_no_derivatives) by extension 'ignore'
[0.186s] Level 1:colcon.colcon_core.package_identification:_identify(logs/lqr_no_derivatives) by extension 'ignore_ament_install'
[0.186s] Level 1:colcon.colcon_core.package_identification:_identify(logs/lqr_no_derivatives) by extensions ['colcon_pkg']
[0.186s] Level 1:colcon.colcon_core.package_identification:_identify(logs/lqr_no_derivatives) by extension 'colcon_pkg'
[0.186s] Level 1:colcon.colcon_core.package_identification:_identify(logs/lqr_no_derivatives) by extensions ['colcon_meta']
[0.186s] Level 1:colcon.colcon_core.package_identification:_identify(logs/lqr_no_derivatives) by extension 'colcon_meta'
[0.186s] Level 1:colcon.colcon_core.package_identification:_identify(logs/lqr_no_derivatives) by extensions ['ros']
[0.186s] Level 1:colcon.colcon_core.package_identification:_identify(logs/lqr_no_derivatives) by extension 'ros'
[0.186s] Level 1:colcon.colcon_core.package_identification:_identify(logs/lqr_no_derivatives) by extensions ['cmake', 'python']
[0.186s] Level 1:colcon.colcon_core.package_identification:_identify(logs/lqr_no_derivatives) by extension 'cmake'
[0.186s] Level 1:colcon.colcon_core.package_identification:_identify(logs/lqr_no_derivatives) by extension 'python'
[0.187s] Level 1:colcon.colcon_core.package_identification:_identify(logs/lqr_no_derivatives) by extensions ['python_setup_py']
[0.187s] Level 1:colcon.colcon_core.package_identification:_identify(logs/lqr_no_derivatives) by extension 'python_setup_py'
[0.187s] Level 1:colcon.colcon_core.package_identification:_identify(logs/more_more_testing_4_19) by extensions ['ignore', 'ignore_ament_install']
[0.187s] Level 1:colcon.colcon_core.package_identification:_identify(logs/more_more_testing_4_19) by extension 'ignore'
[0.187s] Level 1:colcon.colcon_core.package_identification:_identify(logs/more_more_testing_4_19) by extension 'ignore_ament_install'
[0.187s] Level 1:colcon.colcon_core.package_identification:_identify(logs/more_more_testing_4_19) by extensions ['colcon_pkg']
[0.187s] Level 1:colcon.colcon_core.package_identification:_identify(logs/more_more_testing_4_19) by extension 'colcon_pkg'
[0.187s] Level 1:colcon.colcon_core.package_identification:_identify(logs/more_more_testing_4_19) by extensions ['colcon_meta']
[0.187s] Level 1:colcon.colcon_core.package_identification:_identify(logs/more_more_testing_4_19) by extension 'colcon_meta'
[0.187s] Level 1:colcon.colcon_core.package_identification:_identify(logs/more_more_testing_4_19) by extensions ['ros']
[0.187s] Level 1:colcon.colcon_core.package_identification:_identify(logs/more_more_testing_4_19) by extension 'ros'
[0.187s] Level 1:colcon.colcon_core.package_identification:_identify(logs/more_more_testing_4_19) by extensions ['cmake', 'python']
[0.187s] Level 1:colcon.colcon_core.package_identification:_identify(logs/more_more_testing_4_19) by extension 'cmake'
[0.187s] Level 1:colcon.colcon_core.package_identification:_identify(logs/more_more_testing_4_19) by extension 'python'
[0.187s] Level 1:colcon.colcon_core.package_identification:_identify(logs/more_more_testing_4_19) by extensions ['python_setup_py']
[0.187s] Level 1:colcon.colcon_core.package_identification:_identify(logs/more_more_testing_4_19) by extension 'python_setup_py'
[0.187s] Level 1:colcon.colcon_core.package_identification:_identify(logs/more_testing_4_19) by extensions ['ignore', 'ignore_ament_install']
[0.187s] Level 1:colcon.colcon_core.package_identification:_identify(logs/more_testing_4_19) by extension 'ignore'
[0.187s] Level 1:colcon.colcon_core.package_identification:_identify(logs/more_testing_4_19) by extension 'ignore_ament_install'
[0.187s] Level 1:colcon.colcon_core.package_identification:_identify(logs/more_testing_4_19) by extensions ['colcon_pkg']
[0.187s] Level 1:colcon.colcon_core.package_identification:_identify(logs/more_testing_4_19) by extension 'colcon_pkg'
[0.187s] Level 1:colcon.colcon_core.package_identification:_identify(logs/more_testing_4_19) by extensions ['colcon_meta']
[0.187s] Level 1:colcon.colcon_core.package_identification:_identify(logs/more_testing_4_19) by extension 'colcon_meta'
[0.187s] Level 1:colcon.colcon_core.package_identification:_identify(logs/more_testing_4_19) by extensions ['ros']
[0.187s] Level 1:colcon.colcon_core.package_identification:_identify(logs/more_testing_4_19) by extension 'ros'
[0.187s] Level 1:colcon.colcon_core.package_identification:_identify(logs/more_testing_4_19) by extensions ['cmake', 'python']
[0.187s] Level 1:colcon.colcon_core.package_identification:_identify(logs/more_testing_4_19) by extension 'cmake'
[0.187s] Level 1:colcon.colcon_core.package_identification:_identify(logs/more_testing_4_19) by extension 'python'
[0.187s] Level 1:colcon.colcon_core.package_identification:_identify(logs/more_testing_4_19) by extensions ['python_setup_py']
[0.187s] Level 1:colcon.colcon_core.package_identification:_identify(logs/more_testing_4_19) by extension 'python_setup_py'
[0.187s] Level 1:colcon.colcon_core.package_identification:_identify(logs/olqr) by extensions ['ignore', 'ignore_ament_install']
[0.187s] Level 1:colcon.colcon_core.package_identification:_identify(logs/olqr) by extension 'ignore'
[0.187s] Level 1:colcon.colcon_core.package_identification:_identify(logs/olqr) by extension 'ignore_ament_install'
[0.188s] Level 1:colcon.colcon_core.package_identification:_identify(logs/olqr) by extensions ['colcon_pkg']
[0.188s] Level 1:colcon.colcon_core.package_identification:_identify(logs/olqr) by extension 'colcon_pkg'
[0.188s] Level 1:colcon.colcon_core.package_identification:_identify(logs/olqr) by extensions ['colcon_meta']
[0.188s] Level 1:colcon.colcon_core.package_identification:_identify(logs/olqr) by extension 'colcon_meta'
[0.188s] Level 1:colcon.colcon_core.package_identification:_identify(logs/olqr) by extensions ['ros']
[0.188s] Level 1:colcon.colcon_core.package_identification:_identify(logs/olqr) by extension 'ros'
[0.188s] Level 1:colcon.colcon_core.package_identification:_identify(logs/olqr) by extensions ['cmake', 'python']
[0.188s] Level 1:colcon.colcon_core.package_identification:_identify(logs/olqr) by extension 'cmake'
[0.188s] Level 1:colcon.colcon_core.package_identification:_identify(logs/olqr) by extension 'python'
[0.188s] Level 1:colcon.colcon_core.package_identification:_identify(logs/olqr) by extensions ['python_setup_py']
[0.188s] Level 1:colcon.colcon_core.package_identification:_identify(logs/olqr) by extension 'python_setup_py'
[0.188s] Level 1:colcon.colcon_core.package_identification:_identify(logs/oscillation_data) by extensions ['ignore', 'ignore_ament_install']
[0.188s] Level 1:colcon.colcon_core.package_identification:_identify(logs/oscillation_data) by extension 'ignore'
[0.188s] Level 1:colcon.colcon_core.package_identification:_identify(logs/oscillation_data) by extension 'ignore_ament_install'
[0.188s] Level 1:colcon.colcon_core.package_identification:_identify(logs/oscillation_data) by extensions ['colcon_pkg']
[0.188s] Level 1:colcon.colcon_core.package_identification:_identify(logs/oscillation_data) by extension 'colcon_pkg'
[0.188s] Level 1:colcon.colcon_core.package_identification:_identify(logs/oscillation_data) by extensions ['colcon_meta']
[0.188s] Level 1:colcon.colcon_core.package_identification:_identify(logs/oscillation_data) by extension 'colcon_meta'
[0.188s] Level 1:colcon.colcon_core.package_identification:_identify(logs/oscillation_data) by extensions ['ros']
[0.188s] Level 1:colcon.colcon_core.package_identification:_identify(logs/oscillation_data) by extension 'ros'
[0.188s] Level 1:colcon.colcon_core.package_identification:_identify(logs/oscillation_data) by extensions ['cmake', 'python']
[0.188s] Level 1:colcon.colcon_core.package_identification:_identify(logs/oscillation_data) by extension 'cmake'
[0.188s] Level 1:colcon.colcon_core.package_identification:_identify(logs/oscillation_data) by extension 'python'
[0.188s] Level 1:colcon.colcon_core.package_identification:_identify(logs/oscillation_data) by extensions ['python_setup_py']
[0.188s] Level 1:colcon.colcon_core.package_identification:_identify(logs/oscillation_data) by extension 'python_setup_py'
[0.188s] Level 1:colcon.colcon_core.package_identification:_identify(logs/sad) by extensions ['ignore', 'ignore_ament_install']
[0.188s] Level 1:colcon.colcon_core.package_identification:_identify(logs/sad) by extension 'ignore'
[0.188s] Level 1:colcon.colcon_core.package_identification:_identify(logs/sad) by extension 'ignore_ament_install'
[0.188s] Level 1:colcon.colcon_core.package_identification:_identify(logs/sad) by extensions ['colcon_pkg']
[0.188s] Level 1:colcon.colcon_core.package_identification:_identify(logs/sad) by extension 'colcon_pkg'
[0.188s] Level 1:colcon.colcon_core.package_identification:_identify(logs/sad) by extensions ['colcon_meta']
[0.188s] Level 1:colcon.colcon_core.package_identification:_identify(logs/sad) by extension 'colcon_meta'
[0.188s] Level 1:colcon.colcon_core.package_identification:_identify(logs/sad) by extensions ['ros']
[0.188s] Level 1:colcon.colcon_core.package_identification:_identify(logs/sad) by extension 'ros'
[0.188s] Level 1:colcon.colcon_core.package_identification:_identify(logs/sad) by extensions ['cmake', 'python']
[0.188s] Level 1:colcon.colcon_core.package_identification:_identify(logs/sad) by extension 'cmake'
[0.189s] Level 1:colcon.colcon_core.package_identification:_identify(logs/sad) by extension 'python'
[0.189s] Level 1:colcon.colcon_core.package_identification:_identify(logs/sad) by extensions ['python_setup_py']
[0.189s] Level 1:colcon.colcon_core.package_identification:_identify(logs/sad) by extension 'python_setup_py'
[0.189s] Level 1:colcon.colcon_core.package_identification:_identify(logs/sims_4_26_27) by extensions ['ignore', 'ignore_ament_install']
[0.189s] Level 1:colcon.colcon_core.package_identification:_identify(logs/sims_4_26_27) by extension 'ignore'
[0.189s] Level 1:colcon.colcon_core.package_identification:_identify(logs/sims_4_26_27) by extension 'ignore_ament_install'
[0.189s] Level 1:colcon.colcon_core.package_identification:_identify(logs/sims_4_26_27) by extensions ['colcon_pkg']
[0.189s] Level 1:colcon.colcon_core.package_identification:_identify(logs/sims_4_26_27) by extension 'colcon_pkg'
[0.189s] Level 1:colcon.colcon_core.package_identification:_identify(logs/sims_4_26_27) by extensions ['colcon_meta']
[0.189s] Level 1:colcon.colcon_core.package_identification:_identify(logs/sims_4_26_27) by extension 'colcon_meta'
[0.189s] Level 1:colcon.colcon_core.package_identification:_identify(logs/sims_4_26_27) by extensions ['ros']
[0.189s] Level 1:colcon.colcon_core.package_identification:_identify(logs/sims_4_26_27) by extension 'ros'
[0.189s] Level 1:colcon.colcon_core.package_identification:_identify(logs/sims_4_26_27) by extensions ['cmake', 'python']
[0.189s] Level 1:colcon.colcon_core.package_identification:_identify(logs/sims_4_26_27) by extension 'cmake'
[0.189s] Level 1:colcon.colcon_core.package_identification:_identify(logs/sims_4_26_27) by extension 'python'
[0.189s] Level 1:colcon.colcon_core.package_identification:_identify(logs/sims_4_26_27) by extensions ['python_setup_py']
[0.189s] Level 1:colcon.colcon_core.package_identification:_identify(logs/sims_4_26_27) by extension 'python_setup_py'
[0.189s] Level 1:colcon.colcon_core.package_identification:_identify(logs/testing_4_19) by extensions ['ignore', 'ignore_ament_install']
[0.189s] Level 1:colcon.colcon_core.package_identification:_identify(logs/testing_4_19) by extension 'ignore'
[0.189s] Level 1:colcon.colcon_core.package_identification:_identify(logs/testing_4_19) by extension 'ignore_ament_install'
[0.189s] Level 1:colcon.colcon_core.package_identification:_identify(logs/testing_4_19) by extensions ['colcon_pkg']
[0.189s] Level 1:colcon.colcon_core.package_identification:_identify(logs/testing_4_19) by extension 'colcon_pkg'
[0.189s] Level 1:colcon.colcon_core.package_identification:_identify(logs/testing_4_19) by extensions ['colcon_meta']
[0.189s] Level 1:colcon.colcon_core.package_identification:_identify(logs/testing_4_19) by extension 'colcon_meta'
[0.189s] Level 1:colcon.colcon_core.package_identification:_identify(logs/testing_4_19) by extensions ['ros']
[0.189s] Level 1:colcon.colcon_core.package_identification:_identify(logs/testing_4_19) by extension 'ros'
[0.189s] Level 1:colcon.colcon_core.package_identification:_identify(logs/testing_4_19) by extensions ['cmake', 'python']
[0.189s] Level 1:colcon.colcon_core.package_identification:_identify(logs/testing_4_19) by extension 'cmake'
[0.189s] Level 1:colcon.colcon_core.package_identification:_identify(logs/testing_4_19) by extension 'python'
[0.189s] Level 1:colcon.colcon_core.package_identification:_identify(logs/testing_4_19) by extensions ['python_setup_py']
[0.189s] Level 1:colcon.colcon_core.package_identification:_identify(logs/testing_4_19) by extension 'python_setup_py'
[0.189s] Level 1:colcon.colcon_core.package_identification:_identify(logs/testing_4_20) by extensions ['ignore', 'ignore_ament_install']
[0.189s] Level 1:colcon.colcon_core.package_identification:_identify(logs/testing_4_20) by extension 'ignore'
[0.190s] Level 1:colcon.colcon_core.package_identification:_identify(logs/testing_4_20) by extension 'ignore_ament_install'
[0.190s] Level 1:colcon.colcon_core.package_identification:_identify(logs/testing_4_20) by extensions ['colcon_pkg']
[0.190s] Level 1:colcon.colcon_core.package_identification:_identify(logs/testing_4_20) by extension 'colcon_pkg'
[0.190s] Level 1:colcon.colcon_core.package_identification:_identify(logs/testing_4_20) by extensions ['colcon_meta']
[0.190s] Level 1:colcon.colcon_core.package_identification:_identify(logs/testing_4_20) by extension 'colcon_meta'
[0.190s] Level 1:colcon.colcon_core.package_identification:_identify(logs/testing_4_20) by extensions ['ros']
[0.190s] Level 1:colcon.colcon_core.package_identification:_identify(logs/testing_4_20) by extension 'ros'
[0.190s] Level 1:colcon.colcon_core.package_identification:_identify(logs/testing_4_20) by extensions ['cmake', 'python']
[0.190s] Level 1:colcon.colcon_core.package_identification:_identify(logs/testing_4_20) by extension 'cmake'
[0.190s] Level 1:colcon.colcon_core.package_identification:_identify(logs/testing_4_20) by extension 'python'
[0.190s] Level 1:colcon.colcon_core.package_identification:_identify(logs/testing_4_20) by extensions ['python_setup_py']
[0.190s] Level 1:colcon.colcon_core.package_identification:_identify(logs/testing_4_20) by extension 'python_setup_py'
[0.190s] Level 1:colcon.colcon_core.package_identification:_identify(logs/videos_5_1) by extensions ['ignore', 'ignore_ament_install']
[0.190s] Level 1:colcon.colcon_core.package_identification:_identify(logs/videos_5_1) by extension 'ignore'
[0.190s] Level 1:colcon.colcon_core.package_identification:_identify(logs/videos_5_1) by extension 'ignore_ament_install'
[0.190s] Level 1:colcon.colcon_core.package_identification:_identify(logs/videos_5_1) by extensions ['colcon_pkg']
[0.190s] Level 1:colcon.colcon_core.package_identification:_identify(logs/videos_5_1) by extension 'colcon_pkg'
[0.190s] Level 1:colcon.colcon_core.package_identification:_identify(logs/videos_5_1) by extensions ['colcon_meta']
[0.190s] Level 1:colcon.colcon_core.package_identification:_identify(logs/videos_5_1) by extension 'colcon_meta'
[0.190s] Level 1:colcon.colcon_core.package_identification:_identify(logs/videos_5_1) by extensions ['ros']
[0.190s] Level 1:colcon.colcon_core.package_identification:_identify(logs/videos_5_1) by extension 'ros'
[0.190s] Level 1:colcon.colcon_core.package_identification:_identify(logs/videos_5_1) by extensions ['cmake', 'python']
[0.190s] Level 1:colcon.colcon_core.package_identification:_identify(logs/videos_5_1) by extension 'cmake'
[0.190s] Level 1:colcon.colcon_core.package_identification:_identify(logs/videos_5_1) by extension 'python'
[0.190s] Level 1:colcon.colcon_core.package_identification:_identify(logs/videos_5_1) by extensions ['python_setup_py']
[0.190s] Level 1:colcon.colcon_core.package_identification:_identify(logs/videos_5_1) by extension 'python_setup_py'
[0.190s] Level 1:colcon.colcon_core.package_identification:_identify(old) by extensions ['ignore', 'ignore_ament_install']
[0.190s] Level 1:colcon.colcon_core.package_identification:_identify(old) by extension 'ignore'
[0.190s] Level 1:colcon.colcon_core.package_identification:_identify(old) by extension 'ignore_ament_install'
[0.190s] Level 1:colcon.colcon_core.package_identification:_identify(old) by extensions ['colcon_pkg']
[0.190s] Level 1:colcon.colcon_core.package_identification:_identify(old) by extension 'colcon_pkg'
[0.190s] Level 1:colcon.colcon_core.package_identification:_identify(old) by extensions ['colcon_meta']
[0.190s] Level 1:colcon.colcon_core.package_identification:_identify(old) by extension 'colcon_meta'
[0.190s] Level 1:colcon.colcon_core.package_identification:_identify(old) by extensions ['ros']
[0.190s] Level 1:colcon.colcon_core.package_identification:_identify(old) by extension 'ros'
[0.191s] Level 1:colcon.colcon_core.package_identification:_identify(old) by extensions ['cmake', 'python']
[0.191s] Level 1:colcon.colcon_core.package_identification:_identify(old) by extension 'cmake'
[0.191s] Level 1:colcon.colcon_core.package_identification:_identify(old) by extension 'python'
[0.191s] Level 1:colcon.colcon_core.package_identification:_identify(old) by extensions ['python_setup_py']
[0.191s] Level 1:colcon.colcon_core.package_identification:_identify(old) by extension 'python_setup_py'
[0.191s] Level 1:colcon.colcon_core.package_identification:_identify(old/rta) by extensions ['ignore', 'ignore_ament_install']
[0.191s] Level 1:colcon.colcon_core.package_identification:_identify(old/rta) by extension 'ignore'
[0.191s] Level 1:colcon.colcon_core.package_identification:_identify(old/rta) by extension 'ignore_ament_install'
[0.191s] Level 1:colcon.colcon_core.package_identification:_identify(old/rta) by extensions ['colcon_pkg']
[0.191s] Level 1:colcon.colcon_core.package_identification:_identify(old/rta) by extension 'colcon_pkg'
[0.191s] Level 1:colcon.colcon_core.package_identification:_identify(old/rta) by extensions ['colcon_meta']
[0.191s] Level 1:colcon.colcon_core.package_identification:_identify(old/rta) by extension 'colcon_meta'
[0.191s] Level 1:colcon.colcon_core.package_identification:_identify(old/rta) by extensions ['ros']
[0.191s] Level 1:colcon.colcon_core.package_identification:_identify(old/rta) by extension 'ros'
[0.191s] Level 1:colcon.colcon_core.package_identification:_identify(old/rta) by extensions ['cmake', 'python']
[0.191s] Level 1:colcon.colcon_core.package_identification:_identify(old/rta) by extension 'cmake'
[0.191s] Level 1:colcon.colcon_core.package_identification:_identify(old/rta) by extension 'python'
[0.191s] Level 1:colcon.colcon_core.package_identification:_identify(old/rta) by extensions ['python_setup_py']
[0.191s] Level 1:colcon.colcon_core.package_identification:_identify(old/rta) by extension 'python_setup_py'
[0.191s] Level 1:colcon.colcon_core.package_identification:_identify(old/rta/__pycache__) by extensions ['ignore', 'ignore_ament_install']
[0.191s] Level 1:colcon.colcon_core.package_identification:_identify(old/rta/__pycache__) by extension 'ignore'
[0.191s] Level 1:colcon.colcon_core.package_identification:_identify(old/rta/__pycache__) by extension 'ignore_ament_install'
[0.191s] Level 1:colcon.colcon_core.package_identification:_identify(old/rta/__pycache__) by extensions ['colcon_pkg']
[0.191s] Level 1:colcon.colcon_core.package_identification:_identify(old/rta/__pycache__) by extension 'colcon_pkg'
[0.191s] Level 1:colcon.colcon_core.package_identification:_identify(old/rta/__pycache__) by extensions ['colcon_meta']
[0.191s] Level 1:colcon.colcon_core.package_identification:_identify(old/rta/__pycache__) by extension 'colcon_meta'
[0.191s] Level 1:colcon.colcon_core.package_identification:_identify(old/rta/__pycache__) by extensions ['ros']
[0.191s] Level 1:colcon.colcon_core.package_identification:_identify(old/rta/__pycache__) by extension 'ros'
[0.191s] Level 1:colcon.colcon_core.package_identification:_identify(old/rta/__pycache__) by extensions ['cmake', 'python']
[0.191s] Level 1:colcon.colcon_core.package_identification:_identify(old/rta/__pycache__) by extension 'cmake'
[0.191s] Level 1:colcon.colcon_core.package_identification:_identify(old/rta/__pycache__) by extension 'python'
[0.191s] Level 1:colcon.colcon_core.package_identification:_identify(old/rta/__pycache__) by extensions ['python_setup_py']
[0.191s] Level 1:colcon.colcon_core.package_identification:_identify(old/rta/__pycache__) by extension 'python_setup_py'
[0.191s] Level 1:colcon.colcon_core.package_discovery:discover_packages(recursive) using defaults
[0.191s] Level 1:colcon.colcon_core.package_discovery:discover_packages(ignore) discover
[0.191s] Level 1:colcon.colcon_core.package_discovery:discover_packages(ignore) using defaults
[0.191s] Level 1:colcon.colcon_core.package_discovery:discover_packages(path) discover
[0.192s] Level 1:colcon.colcon_core.package_discovery:discover_packages(path) using defaults
[0.192s] WARNING:colcon.colcon_core.package_selection:ignoring unknown package 'blimp_mpc_ros' in --packages-select
[0.206s] Level 1:colcon.colcon_core.package_discovery:discover_packages(prefix_path) check parameters
[0.206s] Level 1:colcon.colcon_core.package_discovery:discover_packages(prefix_path) discover
[0.207s] DEBUG:colcon.colcon_installed_package_information.package_discovery:Found 23 installed packages in /home/mihir/ros2_ws/install
[0.208s] DEBUG:colcon.colcon_installed_package_information.package_discovery:Found 279 installed packages in /opt/ros/iron
[0.216s] Level 1:colcon.colcon_core.package_discovery:discover_packages(prefix_path) using defaults
[0.243s] INFO:colcon.colcon_core.executor:Executing jobs using 'parallel' executor
[0.244s] DEBUG:colcon.colcon_parallel_executor.executor.parallel:run_until_complete
[0.244s] DEBUG:colcon.colcon_parallel_executor.executor.parallel:closing loop
[0.244s] DEBUG:colcon.colcon_parallel_executor.executor.parallel:loop closed
[0.244s] DEBUG:colcon.colcon_parallel_executor.executor.parallel:run_until_complete finished with '0'
[0.244s] DEBUG:colcon.colcon_core.event_reactor:joining thread
[0.247s] INFO:colcon.colcon_core.plugin_system:Skipping extension 'colcon_notification.desktop_notification.terminal_notifier': Not used on non-Darwin systems
[0.247s] INFO:colcon.colcon_core.plugin_system:Skipping extension 'colcon_notification.desktop_notification.win32': Not used on non-Windows systems
[0.247s] INFO:colcon.colcon_notification.desktop_notification:Sending desktop notification using 'notify2'
[0.257s] DEBUG:colcon.colcon_core.event_reactor:joined thread
[0.258s] INFO:colcon.colcon_core.plugin_system:Skipping extension 'colcon_core.shell.bat': Not used on non-Windows systems
[0.258s] INFO:colcon.colcon_core.shell:Creating prefix script '/home/mihir/ros2_ws/src/blimp_mpc_ros/blimp_mpc_ros/install/local_setup.ps1'
[0.259s] INFO:colcon.colcon_core.shell:Creating prefix util module '/home/mihir/ros2_ws/src/blimp_mpc_ros/blimp_mpc_ros/install/_local_setup_util_ps1.py'
[0.260s] INFO:colcon.colcon_core.shell:Creating prefix chain script '/home/mihir/ros2_ws/src/blimp_mpc_ros/blimp_mpc_ros/install/setup.ps1'
[0.261s] INFO:colcon.colcon_core.shell:Creating prefix script '/home/mihir/ros2_ws/src/blimp_mpc_ros/blimp_mpc_ros/install/local_setup.sh'
[0.261s] INFO:colcon.colcon_core.shell:Creating prefix util module '/home/mihir/ros2_ws/src/blimp_mpc_ros/blimp_mpc_ros/install/_local_setup_util_sh.py'
[0.262s] INFO:colcon.colcon_core.shell:Creating prefix chain script '/home/mihir/ros2_ws/src/blimp_mpc_ros/blimp_mpc_ros/install/setup.sh'
[0.263s] INFO:colcon.colcon_core.shell:Creating prefix script '/home/mihir/ros2_ws/src/blimp_mpc_ros/blimp_mpc_ros/install/local_setup.bash'
[0.263s] INFO:colcon.colcon_core.shell:Creating prefix chain script '/home/mihir/ros2_ws/src/blimp_mpc_ros/blimp_mpc_ros/install/setup.bash'
[0.264s] INFO:colcon.colcon_core.shell:Creating prefix script '/home/mihir/ros2_ws/src/blimp_mpc_ros/blimp_mpc_ros/install/local_setup.zsh'
[0.266s] INFO:colcon.colcon_core.shell:Creating prefix chain script '/home/mihir/ros2_ws/src/blimp_mpc_ros/blimp_mpc_ros/install/setup.zsh'
